生成启动时间为 2012/11/22 下午 5:02:49。
     1>项目“E:\我的文档\我的程序\C++项目\Connect Four\Connect Four\Connect Four.vcxproj”在节点 2 上(build 个目标)。
     1>InitializeBuildStatus:
         正在创建“Debug\Connect Four.unsuccessfulbuild”，因为已指定“AlwaysCreate”。
       ClCompile:
         c:\Program Files (x86)\Microsoft Visual Studio 10.0\VC\bin\CL.exe /c /ZI /nologo /W3 /WX- /Od /Oy- /D WIN32 /D _DEBUG /D _CONSOLE /D _UNICODE /D UNICODE /Gm /EHsc /RTC1 /MDd /GS /fp:precise /Zc:wchar_t /Zc:forScope /Fo"Debug\\" /Fd"Debug\vc100.pdb" /Gd /TP /analyze- /errorReport:prompt main.cpp
         main.cpp
       ManifestResourceCompile:
         所有输出均为最新。
       Link:
         c:\Program Files (x86)\Microsoft Visual Studio 10.0\VC\bin\link.exe /ERRORREPORT:PROMPT /OUT:"E:\我的文档\我的程序\C++项目\Connect Four\Debug\Connect Four.exe" /INCREMENTAL /NOLOGO kernel32.lib user32.lib gdi32.lib winspool.lib comdlg32.lib advapi32.lib shell32.lib ole32.lib oleaut32.lib uuid.lib odbc32.lib odbccp32.lib /MANIFEST /ManifestFile:"Debug\Connect Four.exe.intermediate.manifest" /MANIFESTUAC:"level='asInvoker' uiAccess='false'" /DEBUG /PDB:"E:\我的文档\我的程序\C++项目\Connect Four\Debug\Connect Four.pdb" /SUBSYSTEM:CONSOLE /TLBID:1 /DYNAMICBASE /NXCOMPAT /IMPLIB:"E:\我的文档\我的程序\C++项目\Connect Four\Debug\Connect Four.lib" /MACHINE:X86 "Debug\Connect Four.exe.embed.manifest.res"
         Debug\ConnectFour.obj
         Debug\DisplayError.obj
         Debug\main.obj
       Manifest:
         C:\Program Files (x86)\Microsoft SDKs\Windows\v7.0A\bin\mt.exe /nologo /verbose /out:"Debug\Connect Four.exe.embed.manifest" /manifest "Debug\Connect Four.exe.intermediate.manifest"
         所有输出均为最新。
       LinkEmbedManifest:
         所有输出均为最新。
         Connect Four.vcxproj -> E:\我的文档\我的程序\C++项目\Connect Four\Debug\Connect Four.exe
       FinalizeBuildStatus:
         正在删除文件“Debug\Connect Four.unsuccessfulbuild”。
         正在对“Debug\Connect Four.lastbuildstate”执行 Touch 任务。
     1>已完成生成项目“E:\我的文档\我的程序\C++项目\Connect Four\Connect Four\Connect Four.vcxproj”(build 个目标)的操作。

生成成功。

已用时间 00:00:01.09
